Release 14.7 - xst P.20131013 (nt64)
Copyright (c) 1995-2013 Xilinx, Inc.  All rights reserved.
--> Parameter TMPDIR set to xst/projnav.tmp


Total REAL time to Xst completion: 0.00 secs
Total CPU time to Xst completion: 0.09 secs
 
--> Parameter xsthdpdir set to xst


Total REAL time to Xst completion: 0.00 secs
Total CPU time to Xst completion: 0.09 secs
 
--> Reading design: RAM.prj

TABLE OF CONTENTS
  1) Synthesis Options Summary
  2) HDL Parsing
  3) HDL Elaboration
  4) HDL Synthesis
       4.1) HDL Synthesis Report
  5) Advanced HDL Synthesis
       5.1) Advanced HDL Synthesis Report
  6) Low Level Synthesis
  7) Partition Report
  8) Design Summary
       8.1) Primitive and Black Box Usage
       8.2) Device utilization summary
       8.3) Partition Resource Summary
       8.4) Timing Report
            8.4.1) Clock Information
            8.4.2) Asynchronous Control Signals Information
            8.4.3) Timing Summary
            8.4.4) Timing Details
            8.4.5) Cross Clock Domains Report


=========================================================================
*                      Synthesis Options Summary                        *
=========================================================================
---- Source Parameters
Input File Name                    : "RAM.prj"
Ignore Synthesis Constraint File   : NO

---- Target Parameters
Output File Name                   : "RAM"
Output Format                      : NGC
Target Device                      : xc7a100t-3-csg324

---- Source Options
Top Module Name                    : RAM
Automatic FSM Extraction           : YES
FSM Encoding Algorithm             : Auto
Safe Implementation                : No
FSM Style                          : LUT
RAM Extraction                     : Yes
RAM Style                          : Auto
ROM Extraction                     : Yes
Shift Register Extraction          : YES
ROM Style                          : Auto
Resource Sharing                   : YES
Asynchronous To Synchronous        : NO
Shift Register Minimum Size        : 2
Use DSP Block                      : Auto
Automatic Register Balancing       : No

---- Target Options
LUT Combining                      : Auto
Reduce Control Sets                : Auto
Add IO Buffers                     : YES
Global Maximum Fanout              : 100000
Add Generic Clock Buffer(BUFG)     : 32
Register Duplication               : YES
Optimize Instantiated Primitives   : NO
Use Clock Enable                   : Auto
Use Synchronous Set                : Auto
Use Synchronous Reset              : Auto
Pack IO Registers into IOBs        : Auto
Equivalent register Removal        : YES

---- General Options
Optimization Goal                  : Speed
Optimization Effort                : 1
Power Reduction                    : NO
Keep Hierarchy                     : No
Netlist Hierarchy                  : As_Optimized
RTL Output                         : Yes
Global Optimization                : AllClockNets
Read Cores                         : YES
Write Timing Constraints           : NO
Cross Clock Analysis               : NO
Hierarchy Separator                : /
Bus Delimiter                      : <>
Case Specifier                     : Maintain
Slice Utilization Ratio            : 100
BRAM Utilization Ratio             : 100
DSP48 Utilization Ratio            : 100
Auto BRAM Packing                  : NO
Slice Utilization Ratio Delta      : 5

=========================================================================


=========================================================================
*                          HDL Parsing                                  *
=========================================================================
Parsing VHDL file "F:\ADC\Prac4LAB\RAM\RAM.vhd" into library work
Parsing entity <RAM>.
Parsing architecture <Behavioral> of entity <ram>.

=========================================================================
*                            HDL Elaboration                            *
=========================================================================

Elaborating entity <RAM> (architecture <Behavioral>) from library <work>.

=========================================================================
*                           HDL Synthesis                               *
=========================================================================

Synthesizing Unit <RAM>.
    Related source file is "F:\ADC\Prac4LAB\RAM\RAM.vhd".
    Found 16-bit register for signal <dato<14>>.
    Found 16-bit register for signal <dato<13>>.
    Found 16-bit register for signal <dato<12>>.
    Found 16-bit register for signal <dato<11>>.
    Found 16-bit register for signal <dato<10>>.
    Found 16-bit register for signal <dato<9>>.
    Found 16-bit register for signal <dato<8>>.
    Found 16-bit register for signal <dato<7>>.
    Found 16-bit register for signal <dato<6>>.
    Found 16-bit register for signal <dato<5>>.
    Found 16-bit register for signal <dato<4>>.
    Found 16-bit register for signal <dato<3>>.
    Found 16-bit register for signal <dato<2>>.
    Found 16-bit register for signal <dato<1>>.
    Found 16-bit register for signal <dato<0>>.
    Found 16-bit register for signal <dato<15>>.
INFO:Xst:3019 - HDL ADVISOR - 256 flip-flops were inferred for signal <dato>. You may be trying to describe a RAM in a way that is incompatible with block and distributed RAM resources available on Xilinx devices, or with a specific template that is not supported. Please review the Xilinx resources documentation and the XST user manual for coding guidelines. Taking advantage of RAM resources will lead to improved device usage and reduced synthesis time.
    Found 16-bit 16-to-1 multiplexer for signal <RD> created at line 59.
    Summary:
	inferred 256 D-type flip-flop(s).
	inferred   1 Multiplexer(s).
Unit <RAM> synthesized.

=========================================================================
HDL Synthesis Report

Macro Statistics
# Registers                                            : 16
 16-bit register                                       : 16
# Multiplexers                                         : 1
 16-bit 16-to-1 multiplexer                            : 1

=========================================================================

=========================================================================
*                       Advanced HDL Synthesis                          *
=========================================================================


=========================================================================
Advanced HDL Synthesis Report

Macro Statistics
# Registers                                            : 256
 Flip-Flops                                            : 256
# Multiplexers                                         : 1
 16-bit 16-to-1 multiplexer                            : 1

=========================================================================

=========================================================================
*                         Low Level Synthesis                           *
=========================================================================

Optimizing unit <RAM> ...

Mapping all equations...
Building and optimizing final netlist ...
Found area constraint ratio of 100 (+ 5) on block RAM, actual ratio is 0.

Final Macro Processing ...

=========================================================================
Final Register Report

Macro Statistics
# Registers                                            : 256
 Flip-Flops                                            : 256

=========================================================================

=========================================================================
*                           Partition Report                            *
=========================================================================

Partition Implementation Status
-------------------------------

  No Partitions were found in this design.

-------------------------------

=========================================================================
*                            Design Summary                             *
=========================================================================

Top Level Output File Name         : RAM.ngc

Primitive and Black Box Usage:
------------------------------
# BELS                             : 128
#      LUT5                        : 16
#      LUT6                        : 64
#      MUXF7                       : 32
#      MUXF8                       : 16
# FlipFlops/Latches                : 256
#      FDCE                        : 256
# Clock Buffers                    : 1
#      BUFGP                       : 1
# IO Buffers                       : 38
#      IBUF                        : 22
#      OBUF                        : 16

Device utilization summary:
---------------------------

Selected Device : 7a100tcsg324-3 


Slice Logic Utilization: 
 Number of Slice Registers:             256  out of  126800     0%  
 Number of Slice LUTs:                   80  out of  63400     0%  
    Number used as Logic:                80  out of  63400     0%  

Slice Logic Distribution: 
 Number of LUT Flip Flop pairs used:    264
   Number with an unused Flip Flop:       8  out of    264     3%  
   Number with an unused LUT:           184  out of    264    69%  
   Number of fully used LUT-FF pairs:    72  out of    264    27%  
   Number of unique control sets:        16

IO Utilization: 
 Number of IOs:                          39
 Number of bonded IOBs:                  39  out of    210    18%  

Specific Feature Utilization:
 Number of BUFG/BUFGCTRLs:                1  out of     32     3%  

---------------------------
Partition Resource Summary:
---------------------------

  No Partitions were found in this design.

---------------------------


=========================================================================
Timing Report

NOTE: THESE TIMING NUMBERS ARE ONLY A SYNTHESIS ESTIMATE.
      FOR ACCURATE TIMING INFORMATION PLEASE REFER TO THE TRACE REPORT
      GENERATED AFTER PLACE-and-ROUTE.

Clock Information:
------------------
-----------------------------------+------------------------+-------+
Clock Signal                       | Clock buffer(FF name)  | Load  |
-----------------------------------+------------------------+-------+
clk                                | BUFGP                  | 256   |
-----------------------------------+------------------------+-------+

Asynchronous Control Signals Information:
----------------------------------------
No asynchronous control signals found in this design

Timing Summary:
---------------
Speed Grade: -3

   Minimum period: No path found
   Minimum input arrival time before clock: 1.338ns
   Maximum output required time after clock: 1.791ns
   Maximum combinational path delay: 1.682ns

Timing Details:
---------------
All values displayed in nanoseconds (ns)

=========================================================================
Timing constraint: Default OFFSET IN BEFORE for Clock 'clk'
  Total number of paths / destination ports: 1792 / 768
-------------------------------------------------------------------------
Offset:              1.338ns (Levels of Logic = 2)
  Source:            A<1> (PAD)
  Destination:       dato_12_0 (FF)
  Destination Clock: clk rising

  Data Path: A<1> to dato_12_0
                                Gate     Net
    Cell:in->out      fanout   Delay   Delay  Logical Name (Net Name)
    ----------------------------------------  ------------
     IBUF:I->O            80   0.001   0.797  A_1_IBUF (A_1_IBUF)
     LUT5:I0->O           16   0.097   0.348  _n0129_inv1 (_n0129_inv)
     FDCE:CE                   0.095          dato_12_0
    ----------------------------------------
    Total                      1.338ns (0.193ns logic, 1.145ns route)
                                       (14.4% logic, 85.6% route)

=========================================================================
Timing constraint: Default OFFSET OUT AFTER for Clock 'clk'
  Total number of paths / destination ports: 256 / 16
-------------------------------------------------------------------------
Offset:              1.791ns (Levels of Logic = 4)
  Source:            dato_6_15 (FF)
  Destination:       RD<15> (PAD)
  Source Clock:      clk rising

  Data Path: dato_6_15 to RD<15>
                                Gate     Net
    Cell:in->out      fanout   Delay   Delay  Logical Name (Net Name)
    ----------------------------------------  ------------
     FDCE:C->Q             1   0.361   0.556  dato_6_15 (dato_6_15)
     LUT6:I2->O            1   0.097   0.000  Mmux_RD_513 (Mmux_RD_513)
     MUXF7:I1->O           1   0.279   0.000  Mmux_RD_4_f7_5 (Mmux_RD_4_f76)
     MUXF8:I0->O           1   0.218   0.279  Mmux_RD_2_f8_5 (RD_15_OBUF)
     OBUF:I->O                 0.000          RD_15_OBUF (RD<15>)
    ----------------------------------------
    Total                      1.791ns (0.955ns logic, 0.836ns route)
                                       (53.3% logic, 46.7% route)

=========================================================================
Timing constraint: Default path analysis
  Total number of paths / destination ports: 176 / 16
-------------------------------------------------------------------------
Delay:               1.682ns (Levels of Logic = 5)
  Source:            A<1> (PAD)
  Destination:       RD<15> (PAD)

  Data Path: A<1> to RD<15>
                                Gate     Net
    Cell:in->out      fanout   Delay   Delay  Logical Name (Net Name)
    ----------------------------------------  ------------
     IBUF:I->O            80   0.001   0.807  A_1_IBUF (A_1_IBUF)
     LUT6:I0->O            1   0.097   0.000  Mmux_RD_51 (Mmux_RD_51)
     MUXF7:I1->O           1   0.279   0.000  Mmux_RD_4_f7 (Mmux_RD_4_f7)
     MUXF8:I0->O           1   0.218   0.279  Mmux_RD_2_f8 (RD_0_OBUF)
     OBUF:I->O                 0.000          RD_0_OBUF (RD<0>)
    ----------------------------------------
    Total                      1.682ns (0.595ns logic, 1.087ns route)
                                       (35.4% logic, 64.6% route)

=========================================================================

Cross Clock Domains Report:
--------------------------

=========================================================================


Total REAL time to Xst completion: 7.00 secs
Total CPU time to Xst completion: 7.85 secs
 
--> 

Total memory usage is 4616916 kilobytes

Number of errors   :    0 (   0 filtered)
Number of warnings :    0 (   0 filtered)
Number of infos    :    1 (   0 filtered)

