--------------------------------------------------------------------------------
Release 14.7 Trace  (nt64)
Copyright (c) 1995-2013 Xilinx, Inc.  All rights reserved.

C:\Xilinx\14.7\ISE_DS\ISE\bin\nt64\unwrapped\trce.exe -intstyle ise -v 3 -s 3
-n 3 -fastpaths -xml RAM.twx RAM.ncd -o RAM.twr RAM.pcf

Design file:              RAM.ncd
Physical constraint file: RAM.pcf
Device,package,speed:     xc7a100t,csg324,C,-3 (PRODUCTION 1.10 2013-10-13)
Report level:             verbose report

Environment Variable      Effect 
--------------------      ------ 
NONE                      No environment variables were set
--------------------------------------------------------------------------------

INFO:Timing:2698 - No timing constraints found, doing default enumeration.
INFO:Timing:3412 - To improve timing, see the Timing Closure User Guide (UG612).
INFO:Timing:2752 - To get complete path coverage, use the unconstrained paths 
   option. All paths that are not constrained will be reported in the 
   unconstrained paths section(s) of the report.
INFO:Timing:3339 - The clock-to-out numbers in this timing report are based on 
   a 50 Ohm transmission line loading model.  For the details of this model, 
   and for more information on accounting for different loading conditions, 
   please see the device datasheet.



Data Sheet report:
-----------------
All values displayed in nanoseconds (ns)

Setup/Hold to clock clk
------------+------------+------------+------------+------------+------------------+--------+
            |Max Setup to|  Process   |Max Hold to |  Process   |                  | Clock  |
Source      | clk (edge) |   Corner   | clk (edge) |   Corner   |Internal Clock(s) | Phase  |
------------+------------+------------+------------+------------+------------------+--------+
A<0>        |    0.912(R)|      FAST  |    1.088(R)|      SLOW  |clk_BUFGP         |   0.000|
A<1>        |    0.798(R)|      FAST  |    1.297(R)|      SLOW  |clk_BUFGP         |   0.000|
A<2>        |    1.073(R)|      FAST  |    1.061(R)|      SLOW  |clk_BUFGP         |   0.000|
A<3>        |    1.154(R)|      FAST  |    0.745(R)|      SLOW  |clk_BUFGP         |   0.000|
WD<0>       |    0.261(R)|      FAST  |    2.101(R)|      SLOW  |clk_BUFGP         |   0.000|
WD<1>       |    0.143(R)|      FAST  |    2.019(R)|      SLOW  |clk_BUFGP         |   0.000|
WD<2>       |    0.427(R)|      FAST  |    1.964(R)|      SLOW  |clk_BUFGP         |   0.000|
WD<3>       |    0.174(R)|      FAST  |    2.015(R)|      SLOW  |clk_BUFGP         |   0.000|
WD<4>       |    0.223(R)|      FAST  |    1.958(R)|      SLOW  |clk_BUFGP         |   0.000|
WD<5>       |    0.143(R)|      FAST  |    2.039(R)|      SLOW  |clk_BUFGP         |   0.000|
WD<6>       |    0.307(R)|      FAST  |    1.955(R)|      SLOW  |clk_BUFGP         |   0.000|
WD<7>       |    0.107(R)|      FAST  |    2.026(R)|      SLOW  |clk_BUFGP         |   0.000|
WD<8>       |    0.143(R)|      FAST  |    2.031(R)|      SLOW  |clk_BUFGP         |   0.000|
WD<9>       |    0.131(R)|      FAST  |    2.028(R)|      SLOW  |clk_BUFGP         |   0.000|
WD<10>      |    0.385(R)|      FAST  |    1.929(R)|      SLOW  |clk_BUFGP         |   0.000|
WD<11>      |    0.150(R)|      FAST  |    2.126(R)|      SLOW  |clk_BUFGP         |   0.000|
WD<12>      |    0.120(R)|      FAST  |    2.016(R)|      SLOW  |clk_BUFGP         |   0.000|
WD<13>      |    0.290(R)|      FAST  |    2.153(R)|      SLOW  |clk_BUFGP         |   0.000|
WD<14>      |    0.389(R)|      FAST  |    1.917(R)|      SLOW  |clk_BUFGP         |   0.000|
WD<15>      |    0.237(R)|      FAST  |    1.919(R)|      SLOW  |clk_BUFGP         |   0.000|
WE          |    0.818(R)|      FAST  |    1.468(R)|      SLOW  |clk_BUFGP         |   0.000|
clr         |    0.858(R)|      FAST  |    1.554(R)|      SLOW  |clk_BUFGP         |   0.000|
------------+------------+------------+------------+------------+------------------+--------+

Clock clk to Pad
------------+-----------------+------------+-----------------+------------+------------------+--------+
            |Max (slowest) clk|  Process   |Min (fastest) clk|  Process   |                  | Clock  |
Destination |  (edge) to PAD  |   Corner   |  (edge) to PAD  |   Corner   |Internal Clock(s) | Phase  |
------------+-----------------+------------+-----------------+------------+------------------+--------+
RD<0>       |         9.488(R)|      SLOW  |         3.729(R)|      FAST  |clk_BUFGP         |   0.000|
RD<1>       |         9.463(R)|      SLOW  |         3.649(R)|      FAST  |clk_BUFGP         |   0.000|
RD<2>       |         9.529(R)|      SLOW  |         3.676(R)|      FAST  |clk_BUFGP         |   0.000|
RD<3>       |         9.811(R)|      SLOW  |         3.856(R)|      FAST  |clk_BUFGP         |   0.000|
RD<4>       |         9.337(R)|      SLOW  |         3.714(R)|      FAST  |clk_BUFGP         |   0.000|
RD<5>       |         9.519(R)|      SLOW  |         3.808(R)|      FAST  |clk_BUFGP         |   0.000|
RD<6>       |         9.329(R)|      SLOW  |         3.740(R)|      FAST  |clk_BUFGP         |   0.000|
RD<7>       |         9.744(R)|      SLOW  |         3.977(R)|      FAST  |clk_BUFGP         |   0.000|
RD<8>       |         9.445(R)|      SLOW  |         3.852(R)|      FAST  |clk_BUFGP         |   0.000|
RD<9>       |         9.560(R)|      SLOW  |         3.786(R)|      FAST  |clk_BUFGP         |   0.000|
RD<10>      |         9.686(R)|      SLOW  |         3.874(R)|      FAST  |clk_BUFGP         |   0.000|
RD<11>      |         9.720(R)|      SLOW  |         3.971(R)|      FAST  |clk_BUFGP         |   0.000|
RD<12>      |         9.494(R)|      SLOW  |         3.843(R)|      FAST  |clk_BUFGP         |   0.000|
RD<13>      |         9.287(R)|      SLOW  |         3.651(R)|      FAST  |clk_BUFGP         |   0.000|
RD<14>      |         9.398(R)|      SLOW  |         3.750(R)|      FAST  |clk_BUFGP         |   0.000|
RD<15>      |         9.446(R)|      SLOW  |         3.790(R)|      FAST  |clk_BUFGP         |   0.000|
------------+-----------------+------------+-----------------+------------+------------------+--------+

Pad to Pad
---------------+---------------+---------+
Source Pad     |Destination Pad|  Delay  |
---------------+---------------+---------+
A<0>           |RD<0>          |    7.934|
A<0>           |RD<1>          |    7.683|
A<0>           |RD<2>          |    7.896|
A<0>           |RD<3>          |    8.234|
A<0>           |RD<4>          |    7.432|
A<0>           |RD<5>          |    7.439|
A<0>           |RD<6>          |    7.430|
A<0>           |RD<7>          |    7.828|
A<0>           |RD<8>          |    7.571|
A<0>           |RD<9>          |    7.820|
A<0>           |RD<10>         |    7.726|
A<0>           |RD<11>         |    7.310|
A<0>           |RD<12>         |    8.185|
A<0>           |RD<13>         |    7.643|
A<0>           |RD<14>         |    7.660|
A<0>           |RD<15>         |    7.630|
A<1>           |RD<0>          |    7.688|
A<1>           |RD<1>          |    7.567|
A<1>           |RD<2>          |    7.801|
A<1>           |RD<3>          |    7.941|
A<1>           |RD<4>          |    7.352|
A<1>           |RD<5>          |    7.596|
A<1>           |RD<6>          |    7.375|
A<1>           |RD<7>          |    7.836|
A<1>           |RD<8>          |    7.433|
A<1>           |RD<9>          |    7.440|
A<1>           |RD<10>         |    7.177|
A<1>           |RD<11>         |    7.526|
A<1>           |RD<12>         |    7.423|
A<1>           |RD<13>         |    7.259|
A<1>           |RD<14>         |    7.319|
A<1>           |RD<15>         |    7.455|
A<2>           |RD<0>          |    7.305|
A<2>           |RD<1>          |    7.175|
A<2>           |RD<2>          |    7.380|
A<2>           |RD<3>          |    7.756|
A<2>           |RD<4>          |    7.180|
A<2>           |RD<5>          |    7.414|
A<2>           |RD<6>          |    7.218|
A<2>           |RD<7>          |    7.691|
A<2>           |RD<8>          |    6.958|
A<2>           |RD<9>          |    7.173|
A<2>           |RD<10>         |    6.974|
A<2>           |RD<11>         |    7.185|
A<2>           |RD<12>         |    6.969|
A<2>           |RD<13>         |    6.734|
A<2>           |RD<14>         |    7.048|
A<2>           |RD<15>         |    6.925|
A<3>           |RD<0>          |    7.480|
A<3>           |RD<1>          |    7.468|
A<3>           |RD<2>          |    7.422|
A<3>           |RD<3>          |    7.806|
A<3>           |RD<4>          |    7.211|
A<3>           |RD<5>          |    7.653|
A<3>           |RD<6>          |    7.337|
A<3>           |RD<7>          |    7.928|
A<3>           |RD<8>          |    7.045|
A<3>           |RD<9>          |    7.141|
A<3>           |RD<10>         |    7.060|
A<3>           |RD<11>         |    7.158|
A<3>           |RD<12>         |    6.849|
A<3>           |RD<13>         |    6.588|
A<3>           |RD<14>         |    6.643|
A<3>           |RD<15>         |    6.779|
---------------+---------------+---------+


Analysis completed Tue Oct 28 09:12:40 2025 
--------------------------------------------------------------------------------

Trace Settings:
-------------------------
Trace Settings 

Peak Memory Usage: 5003 MB



