--------------------------------------------------------------------------------
Release 14.7 Trace  (nt64)
Copyright (c) 1995-2013 Xilinx, Inc.  All rights reserved.

C:\Xilinx\14.7\ISE_DS\ISE\bin\nt64\unwrapped\trce.exe -intstyle ise -v 3 -s 3
-n 3 -fastpaths -xml archivo_registros.twx archivo_registros.ncd -o
archivo_registros.twr archivo_registros.pcf

Design file:              archivo_registros.ncd
Physical constraint file: archivo_registros.pcf
Device,package,speed:     xc7a100t,csg324,C,-3 (PRODUCTION 1.10 2013-10-13)
Report level:             verbose report

Environment Variable      Effect 
--------------------      ------ 
NONE                      No environment variables were set
--------------------------------------------------------------------------------

INFO:Timing:2698 - No timing constraints found, doing default enumeration.
INFO:Timing:3412 - To improve timing, see the Timing Closure User Guide (UG612).
INFO:Timing:2752 - To get complete path coverage, use the unconstrained paths 
   option. All paths that are not constrained will be reported in the 
   unconstrained paths section(s) of the report.
INFO:Timing:3339 - The clock-to-out numbers in this timing report are based on 
   a 50 Ohm transmission line loading model.  For the details of this model, 
   and for more information on accounting for different loading conditions, 
   please see the device datasheet.



Data Sheet report:
-----------------
All values displayed in nanoseconds (ns)

Setup/Hold to clock clk
------------+------------+------------+------------+------------+------------------+--------+
            |Max Setup to|  Process   |Max Hold to |  Process   |                  | Clock  |
Source      | clk (edge) |   Corner   | clk (edge) |   Corner   |Internal Clock(s) | Phase  |
------------+------------+------------+------------+------------+------------------+--------+
clr         |    0.825(R)|      FAST  |    1.658(R)|      SLOW  |clk_BUFGP         |   0.000|
dato_I<0>   |    0.400(R)|      FAST  |    1.824(R)|      SLOW  |clk_BUFGP         |   0.000|
dato_I<1>   |    0.600(R)|      FAST  |    1.672(R)|      SLOW  |clk_BUFGP         |   0.000|
dato_I<2>   |    0.392(R)|      FAST  |    1.517(R)|      SLOW  |clk_BUFGP         |   0.000|
dato_I<3>   |    0.621(R)|      FAST  |    1.601(R)|      SLOW  |clk_BUFGP         |   0.000|
dato_I<4>   |    0.243(R)|      FAST  |    1.921(R)|      SLOW  |clk_BUFGP         |   0.000|
dato_I<5>   |    0.389(R)|      FAST  |    1.919(R)|      SLOW  |clk_BUFGP         |   0.000|
dato_I<6>   |    0.185(R)|      FAST  |    2.013(R)|      SLOW  |clk_BUFGP         |   0.000|
dato_I<7>   |    0.182(R)|      FAST  |    2.012(R)|      SLOW  |clk_BUFGP         |   0.000|
en_w        |    0.849(R)|      FAST  |    1.347(R)|      SLOW  |clk_BUFGP         |   0.000|
sel_w_d<0>  |    0.870(R)|      FAST  |    1.232(R)|      SLOW  |clk_BUFGP         |   0.000|
sel_w_d<1>  |    0.741(R)|      FAST  |    1.345(R)|      SLOW  |clk_BUFGP         |   0.000|
sel_w_d<2>  |    0.763(R)|      FAST  |    1.462(R)|      SLOW  |clk_BUFGP         |   0.000|
sel_w_d<3>  |    0.779(R)|      FAST  |    1.308(R)|      SLOW  |clk_BUFGP         |   0.000|
sel_w_d<4>  |    0.731(R)|      FAST  |    1.433(R)|      SLOW  |clk_BUFGP         |   0.000|
------------+------------+------------+------------+------------+------------------+--------+

Clock clk to Pad
------------+-----------------+------------+-----------------+------------+------------------+--------+
            |Max (slowest) clk|  Process   |Min (fastest) clk|  Process   |                  | Clock  |
Destination |  (edge) to PAD  |   Corner   |  (edge) to PAD  |   Corner   |Internal Clock(s) | Phase  |
------------+-----------------+------------+-----------------+------------+------------------+--------+
O_d<0>      |        10.532(R)|      SLOW  |         3.930(R)|      FAST  |clk_BUFGP         |   0.000|
O_d<1>      |        10.059(R)|      SLOW  |         3.892(R)|      FAST  |clk_BUFGP         |   0.000|
O_d<2>      |        10.102(R)|      SLOW  |         3.901(R)|      FAST  |clk_BUFGP         |   0.000|
O_d<3>      |        10.268(R)|      SLOW  |         3.958(R)|      FAST  |clk_BUFGP         |   0.000|
O_d<4>      |         9.880(R)|      SLOW  |         3.851(R)|      FAST  |clk_BUFGP         |   0.000|
O_d<5>      |        10.278(R)|      SLOW  |         3.904(R)|      FAST  |clk_BUFGP         |   0.000|
O_d<6>      |        10.199(R)|      SLOW  |         3.753(R)|      FAST  |clk_BUFGP         |   0.000|
O_d<7>      |        10.437(R)|      SLOW  |         3.912(R)|      FAST  |clk_BUFGP         |   0.000|
O_r<0>      |        10.641(R)|      SLOW  |         3.960(R)|      FAST  |clk_BUFGP         |   0.000|
O_r<1>      |        10.221(R)|      SLOW  |         3.907(R)|      FAST  |clk_BUFGP         |   0.000|
O_r<2>      |        10.521(R)|      SLOW  |         4.027(R)|      FAST  |clk_BUFGP         |   0.000|
O_r<3>      |        10.289(R)|      SLOW  |         3.892(R)|      FAST  |clk_BUFGP         |   0.000|
O_r<4>      |        10.658(R)|      SLOW  |         4.035(R)|      FAST  |clk_BUFGP         |   0.000|
O_r<5>      |        10.366(R)|      SLOW  |         3.933(R)|      FAST  |clk_BUFGP         |   0.000|
O_r<6>      |        10.485(R)|      SLOW  |         4.039(R)|      FAST  |clk_BUFGP         |   0.000|
O_r<7>      |        10.622(R)|      SLOW  |         4.166(R)|      FAST  |clk_BUFGP         |   0.000|
------------+-----------------+------------+-----------------+------------+------------------+--------+

Pad to Pad
---------------+---------------+---------+
Source Pad     |Destination Pad|  Delay  |
---------------+---------------+---------+
sel_r_d<0>     |O_d<0>         |    9.162|
sel_r_d<0>     |O_d<1>         |    8.845|
sel_r_d<0>     |O_d<2>         |    8.689|
sel_r_d<0>     |O_d<3>         |    9.232|
sel_r_d<0>     |O_d<4>         |    8.955|
sel_r_d<0>     |O_d<5>         |    8.647|
sel_r_d<0>     |O_d<6>         |    9.262|
sel_r_d<0>     |O_d<7>         |    8.997|
sel_r_d<1>     |O_d<0>         |    8.681|
sel_r_d<1>     |O_d<1>         |    8.377|
sel_r_d<1>     |O_d<2>         |    8.432|
sel_r_d<1>     |O_d<3>         |    8.910|
sel_r_d<1>     |O_d<4>         |    8.088|
sel_r_d<1>     |O_d<5>         |    8.604|
sel_r_d<1>     |O_d<6>         |    8.670|
sel_r_d<1>     |O_d<7>         |    8.932|
sel_r_d<2>     |O_d<0>         |    7.061|
sel_r_d<2>     |O_d<1>         |    7.275|
sel_r_d<2>     |O_d<2>         |    7.247|
sel_r_d<2>     |O_d<3>         |    6.817|
sel_r_d<2>     |O_d<4>         |    7.102|
sel_r_d<2>     |O_d<5>         |    6.768|
sel_r_d<2>     |O_d<6>         |    6.751|
sel_r_d<2>     |O_d<7>         |    6.865|
sel_r_d<3>     |O_d<0>         |    7.499|
sel_r_d<3>     |O_d<1>         |    7.413|
sel_r_d<3>     |O_d<2>         |    7.043|
sel_r_d<3>     |O_d<3>         |    7.246|
sel_r_d<3>     |O_d<4>         |    7.162|
sel_r_d<3>     |O_d<5>         |    6.824|
sel_r_d<3>     |O_d<6>         |    6.927|
sel_r_d<3>     |O_d<7>         |    7.377|
sel_r_d<4>     |O_d<0>         |    7.012|
sel_r_d<4>     |O_d<1>         |    7.029|
sel_r_d<4>     |O_d<2>         |    6.729|
sel_r_d<4>     |O_d<3>         |    6.913|
sel_r_d<4>     |O_d<4>         |    6.661|
sel_r_d<4>     |O_d<5>         |    6.495|
sel_r_d<4>     |O_d<6>         |    6.527|
sel_r_d<4>     |O_d<7>         |    6.970|
sel_r_r<0>     |O_r<0>         |    9.012|
sel_r_r<0>     |O_r<1>         |    8.724|
sel_r_r<0>     |O_r<2>         |    9.060|
sel_r_r<0>     |O_r<3>         |    8.794|
sel_r_r<0>     |O_r<4>         |    9.188|
sel_r_r<0>     |O_r<5>         |    8.891|
sel_r_r<0>     |O_r<6>         |    9.045|
sel_r_r<0>     |O_r<7>         |    8.734|
sel_r_r<1>     |O_r<0>         |    8.941|
sel_r_r<1>     |O_r<1>         |    8.850|
sel_r_r<1>     |O_r<2>         |    8.810|
sel_r_r<1>     |O_r<3>         |    8.612|
sel_r_r<1>     |O_r<4>         |    8.869|
sel_r_r<1>     |O_r<5>         |    8.588|
sel_r_r<1>     |O_r<6>         |    8.908|
sel_r_r<1>     |O_r<7>         |    8.884|
sel_r_r<2>     |O_r<0>         |    7.420|
sel_r_r<2>     |O_r<1>         |    7.440|
sel_r_r<2>     |O_r<2>         |    7.625|
sel_r_r<2>     |O_r<3>         |    7.344|
sel_r_r<2>     |O_r<4>         |    7.649|
sel_r_r<2>     |O_r<5>         |    6.938|
sel_r_r<2>     |O_r<6>         |    7.474|
sel_r_r<2>     |O_r<7>         |    7.741|
sel_r_r<3>     |O_r<0>         |    7.579|
sel_r_r<3>     |O_r<1>         |    7.619|
sel_r_r<3>     |O_r<2>         |    7.682|
sel_r_r<3>     |O_r<3>         |    7.319|
sel_r_r<3>     |O_r<4>         |    7.840|
sel_r_r<3>     |O_r<5>         |    7.247|
sel_r_r<3>     |O_r<6>         |    7.683|
sel_r_r<3>     |O_r<7>         |    7.962|
sel_r_r<4>     |O_r<0>         |    7.202|
sel_r_r<4>     |O_r<1>         |    7.206|
sel_r_r<4>     |O_r<2>         |    7.261|
sel_r_r<4>     |O_r<3>         |    7.022|
sel_r_r<4>     |O_r<4>         |    7.114|
sel_r_r<4>     |O_r<5>         |    6.873|
sel_r_r<4>     |O_r<6>         |    7.467|
sel_r_r<4>     |O_r<7>         |    7.495|
---------------+---------------+---------+


Analysis completed Tue Oct 21 09:10:17 2025 
--------------------------------------------------------------------------------

Trace Settings:
-------------------------
Trace Settings 

Peak Memory Usage: 5004 MB



