--------------------------------------------------------------------------------
Release 14.7 Trace  (lin64)
Copyright (c) 1995-2013 Xilinx, Inc.  All rights reserved.

/opt/Xilinx/14.7/ISE_DS/ISE/bin/lin64/unwrapped/trce -intstyle ise -v 3 -s 3 -n
3 -fastpaths -xml ext_sig_rjmp.twx ext_sig_rjmp.ncd -o ext_sig_rjmp.twr
ext_sig_rjmp.pcf

Design file:              ext_sig_rjmp.ncd
Physical constraint file: ext_sig_rjmp.pcf
Device,package,speed:     xc7a100t,csg324,C,-3 (PRODUCTION 1.10 2013-10-13)
Report level:             verbose report

Environment Variable      Effect 
--------------------      ------ 
NONE                      No environment variables were set
--------------------------------------------------------------------------------

INFO:Timing:2698 - No timing constraints found, doing default enumeration.
INFO:Timing:3412 - To improve timing, see the Timing Closure User Guide (UG612).
INFO:Timing:2752 - To get complete path coverage, use the unconstrained paths 
   option. All paths that are not constrained will be reported in the 
   unconstrained paths section(s) of the report.
INFO:Timing:3339 - The clock-to-out numbers in this timing report are based on 
   a 50 Ohm transmission line loading model.  For the details of this model, 
   and for more information on accounting for different loading conditions, 
   please see the device datasheet.



Data Sheet report:
-----------------
All values displayed in nanoseconds (ns)

Pad to Pad
---------------+---------------+---------+
Source Pad     |Destination Pad|  Delay  |
---------------+---------------+---------+
I<0>           |O<0>           |    4.421|
I<1>           |O<1>           |    4.485|
I<2>           |O<2>           |    4.447|
I<3>           |O<3>           |    4.626|
I<4>           |O<4>           |    4.488|
I<5>           |O<5>           |    4.628|
I<6>           |O<6>           |    4.475|
I<7>           |O<7>           |    4.616|
I<8>           |O<8>           |    4.632|
I<9>           |O<9>           |    4.618|
I<10>          |O<10>          |    4.619|
I<11>          |O<11>          |    4.647|
I<11>          |O<12>          |    4.751|
I<11>          |O<13>          |    4.856|
I<11>          |O<14>          |    4.641|
I<11>          |O<15>          |    4.750|
---------------+---------------+---------+


Analysis completed Tue Nov 18 15:08:14 2025 
--------------------------------------------------------------------------------

Trace Settings:
-------------------------
Trace Settings 

Peak Memory Usage: 765 MB



