ISim log file
Running: /home/ise/VM/procesador/procesador_isim_beh.exe -intstyle ise -gui -tclbatch isim.cmd -wdb /home/ise/VM/procesador/procesador_isim_beh.wdb 
ISim P.20131013 (signature 0xfbc00daa)
----------------------------------------------------------------------
WARNING:Security:42 - Your software subscription period has lapsed. Your current version of Xilinx tools will continue to function, but you no longer qualify for Xilinx software updates or new releases.


----------------------------------------------------------------------
This is a Full version of ISim.
Time resolution is 1 ps
# onerror resume
# wave add /
# run 1000 ns
Simulator is doing circuit initialization process.
at 0 ps, Instance /procesador/ : Warning: There is an 'U'|'X'|'W'|'Z'|'-' in an arithmetic operand, the result will be 'X'(es).
at 0 ps, Instance /procesador/cto11/ : Warning: CONV_INTEGER: There is an 'U'|'X'|'W'|'Z'|'-' in an arithmetic operand, and it has been converted to 0.
Finished circuit initialization process.
# isim force add /procesador/clk 1 -radix bin -value 0 -radix bin -time 5 ns -repeat 10 ns
# isim force add /procesador/clk 1 -radix bin -value 0 -radix bin -time 5 ns -repeat 10 ns
# isim force add /procesador/clr 0 -radix bin
# isim force add /procesador/clr 0 -radix bin
# run 10.00ns
# run 10.00ns
# run 10.00ns
# run 10.00ns
# run 10.00ns
# run 10.00ns
# run 10.00ns
# run 10.00ns
# run 10.00ns
# run 10.00ns
# run 10.00ns
# run 10.00ns
# run 10.00ns
# run 10.00ns
# run 10.00ns
# run 10.00ns
# run 10.00ns
# run 10.00ns
# run 10.00ns
# run 10.00ns
# run 10.00ns
# run 10.00ns
# run 10.00ns
# run 10.00ns
# run 10.00ns
# run 10.00ns
# run 10.00ns
# run 10.00ns
# run 10.00ns
# run 10.00ns
# run 10.00ns
# run 10.00ns
# run 10.00ns
# run 10.00ns
# run 10.00ns
# run 10.00ns
# run 10.00ns
# run 10.00ns
# run 10.00ns
# run 10.00ns
# run 10.00ns
# run 10.00ns
# run 10.00ns
# run 10.00ns
# run 10.00ns
# run 10.00ns
# run 10.00ns
# run 10.00ns
# run 10.00ns
# run 10.00ns
# run 10.00ns
# run 10.00ns
# run 10.00ns
# run 10.00ns
# run 10.00ns
# run 10.00ns
# run 10.00ns
# run 10.00ns
# run 10.00ns
# run 10.00ns
# run 10.00ns
# run 10.00ns
# run 10.00ns
# run 10.00ns
# run 10.00ns
# run 10.00ns
# run 10.00ns
# run 10.00ns
# run 10.00ns
# run 10.00ns
# run 10.00ns
# run 10.00ns
# run 10.00ns
# run 10.00ns
# run 10.00ns
# run 10.00ns
# run 10.00ns
# run 10.00ns
# run 10.00ns
# run 10.00ns
# run 10.00ns
# run 10.00ns
# run 10.00ns
# run 10.00ns
# run 10.00ns
# run 10.00ns
# run 10.00ns
# run 10.00ns
# run 10.00ns
# run 10.00ns
# run 10.00ns
# run 10.00ns
# run 10.00ns
# run 10.00ns
# run 10.00ns
# run 10.00ns
# run 10.00ns
# run 10.00ns
# run 10.00ns
# run 10.00ns
# run 10.00ns
# run 10.00ns
# run 10.00ns
# run 10.00ns
# run 10.00ns
# run 10.00ns
# run 10.00ns
# run 10.00ns
# run 10.00ns
# run 10.00ns
# run 10.00ns
# run 10.00ns
# run 10.00ns
# run 10.00ns
# run 10.00ns
# run 10.00ns
# run 10.00ns
# run 10.00ns
# run 10.00ns
# run 10.00ns
# run 10.00ns
# run 10.00ns
# run 10.00ns
# run 10.00ns
# run 10.00ns
# run 10.00ns
# run 10.00ns
# run 10.00ns
# run 10.00ns
# run 10.00ns
# run 10.00ns
# run 10.00ns
# run 10.00ns
# run 10.00ns
# run 10.00ns
# run 10.00ns
# run 10.00ns
# run 10.00ns
# run 10.00ns
# run 10.00ns
# run 10.00ns
# run 10.00ns
# run 10.00ns
# run 10.00ns
# run 10.00ns
# run 10.00ns
# run 10.00ns
# run 10.00ns
# run 10.00ns
# run 10.00ns
# run 10.00ns
# run 10.00ns
# run 10.00ns
# run 10.00ns
# run 10.00ns
# run 10.00ns
# run 10.00ns
# run 10.00ns
# run 10.00ns
# run 10.00ns
# run 10.00ns
# run 10.00ns
# run 10.00ns
# run 10.00ns
# run 10.00ns
# run 10.00ns
# run 10.00ns
# run 10.00ns
# run 10.00ns
# run 10.00ns
# run 10.00ns
# run 10.00ns
# run 10.00ns
# run 10.00ns
# run 10.00ns
# run 10.00ns
# run 10.00ns
# run 10.00ns
# run 10.00ns
# run 10.00ns
# run 10.00ns
# run 10.00ns
# run 10.00ns
# run 10.00ns
# run 10.00ns
# run 10.00ns
# run 10.00ns
# run 10.00ns
# run 10.00ns
# run 10.00ns
# run 10.00ns
# run 10.00ns
# run 10.00ns
# run 10.00ns
# run 10.00ns
# run 10.00ns
# run 10.00ns
# run 10.00ns
# run 10.00ns
# run 10.00ns
# run 10.00ns
# run 10.00ns
# run 10.00ns
# run 10.00ns
# run 10.00ns
# run 10.00ns
# run 10.00ns
# run 10.00ns
# run 10.00ns
# run 10.00ns
# run 10.00ns
# run 10.00ns
# run 10.00ns
# run 10.00ns
# run 10.00ns
# run 10.00ns
# run 10.00ns
# run 10.00ns
# run 10.00ns
# run 10.00ns
# run 10.00ns
# run 10.00ns
# run 10.00ns
# run 10.00ns
# run 10.00ns
# run 10.00ns
# run 10.00ns
# run 10.00ns
# run 10.00ns
# run 10.00ns
# run 10.00ns
# run 10.00ns
# run 10.00ns
# run 10.00ns
# run 10.00ns
# run 10.00ns
# run 10.00ns
# run 10.00ns
# run 10.00ns
# run 10.00ns
# run 10.00ns
# run 10.00ns
# run 10.00ns
# run 10.00ns
# run 10.00ns
# run 10.00ns
# run 10.00ns
# run 10.00ns
# run 10.00ns
# run 10.00ns
# run 10.00ns
# run 10.00ns
# run 10.00ns
# run 10.00ns
# run 10.00ns
# run 10.00ns
# run 10.00ns
# run 10.00ns
# run 10.00ns
