Release 14.7 - xst P.20131013 (lin64)
Copyright (c) 1995-2013 Xilinx, Inc.  All rights reserved.
--> 
Parameter TMPDIR set to xst/projnav.tmp


Total REAL time to Xst completion: 0.00 secs
Total CPU time to Xst completion: 0.04 secs
 
--> 
Parameter xsthdpdir set to xst


Total REAL time to Xst completion: 0.00 secs
Total CPU time to Xst completion: 0.04 secs
 
--> 
Reading design: procesador.prj

TABLE OF CONTENTS
  1) Synthesis Options Summary
  2) HDL Parsing
  3) HDL Elaboration
  4) HDL Synthesis
       4.1) HDL Synthesis Report
  5) Advanced HDL Synthesis
       5.1) Advanced HDL Synthesis Report
  6) Low Level Synthesis
  7) Partition Report
  8) Design Summary
       8.1) Primitive and Black Box Usage
       8.2) Device utilization summary
       8.3) Partition Resource Summary
       8.4) Timing Report
            8.4.1) Clock Information
            8.4.2) Asynchronous Control Signals Information
            8.4.3) Timing Summary
            8.4.4) Timing Details
            8.4.5) Cross Clock Domains Report


=========================================================================
*                      Synthesis Options Summary                        *
=========================================================================
---- Source Parameters
Input File Name                    : "procesador.prj"
Ignore Synthesis Constraint File   : NO

---- Target Parameters
Output File Name                   : "procesador"
Output Format                      : NGC
Target Device                      : xc6slx16-3-csg324

---- Source Options
Top Module Name                    : procesador
Automatic FSM Extraction           : YES
FSM Encoding Algorithm             : Auto
Safe Implementation                : No
FSM Style                          : LUT
RAM Extraction                     : Yes
RAM Style                          : Auto
ROM Extraction                     : Yes
Shift Register Extraction          : YES
ROM Style                          : Auto
Resource Sharing                   : YES
Asynchronous To Synchronous        : NO
Shift Register Minimum Size        : 2
Use DSP Block                      : Auto
Automatic Register Balancing       : No

---- Target Options
LUT Combining                      : Auto
Reduce Control Sets                : Auto
Add IO Buffers                     : YES
Global Maximum Fanout              : 100000
Add Generic Clock Buffer(BUFG)     : 16
Register Duplication               : YES
Optimize Instantiated Primitives   : NO
Use Clock Enable                   : Auto
Use Synchronous Set                : Auto
Use Synchronous Reset              : Auto
Pack IO Registers into IOBs        : Auto
Equivalent register Removal        : YES

---- General Options
Optimization Goal                  : Speed
Optimization Effort                : 1
Power Reduction                    : NO
Keep Hierarchy                     : No
Netlist Hierarchy                  : As_Optimized
RTL Output                         : Yes
Global Optimization                : AllClockNets
Read Cores                         : YES
Write Timing Constraints           : NO
Cross Clock Analysis               : NO
Hierarchy Separator                : /
Bus Delimiter                      : <>
Case Specifier                     : Maintain
Slice Utilization Ratio            : 100
BRAM Utilization Ratio             : 100
DSP48 Utilization Ratio            : 100
Auto BRAM Packing                  : NO
Slice Utilization Ratio Delta      : 5

=========================================================================


=========================================================================
*                          HDL Parsing                                  *
=========================================================================
Parsing VHDL file "/home/ise/VM/procesador/procesador.vhd" into library work
Parsing entity <procesador>.
Parsing architecture <Behavioral> of entity <procesador>.

=========================================================================
*                            HDL Elaboration                            *
=========================================================================

Elaborating entity <procesador> (architecture <Behavioral>) from library <work>.
WARNING:HDLCompiler:89 - "/home/ise/VM/procesador/procesador.vhd" Line 40: <dec_instr> remains a black-box since it has no binding entity.
WARNING:HDLCompiler:89 - "/home/ise/VM/procesador/procesador.vhd" Line 62: <program_c> remains a black-box since it has no binding entity.
WARNING:HDLCompiler:89 - "/home/ise/VM/procesador/procesador.vhd" Line 69: <rom> remains a black-box since it has no binding entity.
WARNING:HDLCompiler:89 - "/home/ise/VM/procesador/procesador.vhd" Line 74: <archivo_registros> remains a black-box since it has no binding entity.
WARNING:HDLCompiler:89 - "/home/ise/VM/procesador/procesador.vhd" Line 86: <registro_alu> remains a black-box since it has no binding entity.
WARNING:HDLCompiler:89 - "/home/ise/VM/procesador/procesador.vhd" Line 94: <alu> remains a black-box since it has no binding entity.
WARNING:HDLCompiler:89 - "/home/ise/VM/procesador/procesador.vhd" Line 104: <s_reg> remains a black-box since it has no binding entity.
WARNING:HDLCompiler:89 - "/home/ise/VM/procesador/procesador.vhd" Line 112: <stack_pointer> remains a black-box since it has no binding entity.
WARNING:HDLCompiler:89 - "/home/ise/VM/procesador/procesador.vhd" Line 119: <ram> remains a black-box since it has no binding entity.
WARNING:HDLCompiler:634 - "/home/ise/VM/procesador/procesador.vhd" Line 129: Net <off_br_aux[15]> does not have a driver.

=========================================================================
*                           HDL Synthesis                               *
=========================================================================

Synthesizing Unit <procesador>.
    Related source file is "/home/ise/VM/procesador/procesador.vhd".
WARNING:Xst:653 - Signal <off_br_aux> is used but never assigned. This sourceless signal will be automatically connected to value GND.
WARNING:Xst:653 - Signal <off_rjmp_aux> is used but never assigned. This sourceless signal will be automatically connected to value GND.
    Found 16-bit adder for signal <I_PC_aux> created at line 161.
    Found 16-bit adder for signal <wd_aux> created at line 162.
    Found 4-bit adder for signal <ret_aux> created at line 164.
    Found 4-bit subtractor for signal <call_aux> created at line 132.
    Summary:
	inferred   4 Adder/Subtractor(s).
	inferred   6 Multiplexer(s).
Unit <procesador> synthesized.

=========================================================================
HDL Synthesis Report

Macro Statistics
# Adders/Subtractors                                   : 4
 16-bit adder                                          : 2
 4-bit adder                                           : 1
 4-bit addsub                                          : 1
# Multiplexers                                         : 6
 1-bit 2-to-1 multiplexer                              : 1
 16-bit 2-to-1 multiplexer                             : 1
 4-bit 2-to-1 multiplexer                              : 2
 8-bit 2-to-1 multiplexer                              : 2

=========================================================================
INFO:Xst:1767 - HDL ADVISOR - Resource sharing has identified that some arithmetic operations in this design can share the same physical resources for reduced device utilization. For improved clock frequency you may try to disable resource sharing.

=========================================================================
*                       Advanced HDL Synthesis                          *
=========================================================================


=========================================================================
Advanced HDL Synthesis Report

Macro Statistics
# Adders/Subtractors                                   : 4
 16-bit adder                                          : 2
 4-bit adder                                           : 1
 4-bit addsub                                          : 1
# Multiplexers                                         : 5
 16-bit 2-to-1 multiplexer                             : 1
 4-bit 2-to-1 multiplexer                              : 2
 8-bit 2-to-1 multiplexer                              : 2

=========================================================================

=========================================================================
*                         Low Level Synthesis                           *
=========================================================================

Optimizing unit <procesador> ...

Mapping all equations...
WARNING:Xst:2036 - Inserting OBUF on port <portb<7>> driven by black box <Registro_ALU>. Possible simulation mismatch.
WARNING:Xst:2036 - Inserting OBUF on port <portb<6>> driven by black box <Registro_ALU>. Possible simulation mismatch.
WARNING:Xst:2036 - Inserting OBUF on port <portb<5>> driven by black box <Registro_ALU>. Possible simulation mismatch.
WARNING:Xst:2036 - Inserting OBUF on port <portb<4>> driven by black box <Registro_ALU>. Possible simulation mismatch.
WARNING:Xst:2036 - Inserting OBUF on port <portb<3>> driven by black box <Registro_ALU>. Possible simulation mismatch.
WARNING:Xst:2036 - Inserting OBUF on port <portb<2>> driven by black box <Registro_ALU>. Possible simulation mismatch.
WARNING:Xst:2036 - Inserting OBUF on port <portb<1>> driven by black box <Registro_ALU>. Possible simulation mismatch.
WARNING:Xst:2036 - Inserting OBUF on port <portb<0>> driven by black box <Registro_ALU>. Possible simulation mismatch.
Building and optimizing final netlist ...
Found area constraint ratio of 100 (+ 5) on block procesador, actual ratio is 0.

Final Macro Processing ...

=========================================================================
Final Register Report

Found no macro
=========================================================================

=========================================================================
*                           Partition Report                            *
=========================================================================

Partition Implementation Status
-------------------------------

  No Partitions were found in this design.

-------------------------------

=========================================================================
*                            Design Summary                             *
=========================================================================

Top Level Output File Name         : procesador.ngc

Primitive and Black Box Usage:
------------------------------
# BELS                             : 126
#      GND                         : 1
#      INV                         : 1
#      LUT1                        : 30
#      LUT2                        : 1
#      LUT3                        : 18
#      LUT4                        : 2
#      LUT5                        : 10
#      MUXCY                       : 30
#      VCC                         : 1
#      XORCY                       : 32
# IO Buffers                       : 10
#      IBUF                        : 2
#      OBUF                        : 8
# Others                           : 9
#      ALU                         : 1
#      archivo_registros           : 1
#      Dec_Instr                   : 1
#      program_c                   : 1
#      RAM                         : 1
#      Registro_ALU                : 1
#      ROM                         : 1
#      S_Reg                       : 1
#      Stack_Pointer               : 1

Device utilization summary:
---------------------------

Selected Device : 6slx16csg324-3 


Slice Logic Utilization: 
 Number of Slice LUTs:                   62  out of   9112     0%  
    Number used as Logic:                62  out of   9112     0%  

Slice Logic Distribution: 
 Number of LUT Flip Flop pairs used:     62
   Number with an unused Flip Flop:      62  out of     62   100%  
   Number with an unused LUT:             0  out of     62     0%  
   Number of fully used LUT-FF pairs:     0  out of     62     0%  
   Number of unique control sets:         0

IO Utilization: 
 Number of IOs:                          10
 Number of bonded IOBs:                  10  out of    232     4%  

Specific Feature Utilization:

---------------------------
Partition Resource Summary:
---------------------------

  No Partitions were found in this design.

---------------------------


=========================================================================
Timing Report

NOTE: THESE TIMING NUMBERS ARE ONLY A SYNTHESIS ESTIMATE.
      FOR ACCURATE TIMING INFORMATION PLEASE REFER TO THE TRACE REPORT
      GENERATED AFTER PLACE-and-ROUTE.

Clock Information:
------------------
No clock signals found in this design

Asynchronous Control Signals Information:
----------------------------------------
No asynchronous control signals found in this design

Timing Summary:
---------------
Speed Grade: -3

   Minimum period: No path found
   Minimum input arrival time before clock: No path found
   Maximum output required time after clock: No path found
   Maximum combinational path delay: 3.150ns

Timing Details:
---------------
All values displayed in nanoseconds (ns)

=========================================================================
Timing constraint: Default path analysis
  Total number of paths / destination ports: 545 / 147
-------------------------------------------------------------------------
Delay:               3.150ns (Levels of Logic = 1)
  Source:            cto7:Q<7> (PAD)
  Destination:       portb<7> (PAD)

  Data Path: cto7:Q<7> to portb<7>
                                Gate     Net
    Cell:in->out      fanout   Delay   Delay  Logical Name (Net Name)
    ----------------------------------------  ------------
    Registro_ALU:Q<7>      1   0.000   0.579  cto7 (portb_7_OBUF)
     OBUF:I->O                 2.571          portb_7_OBUF (portb<7>)
    ----------------------------------------
    Total                      3.150ns (2.571ns logic, 0.579ns route)
                                       (81.6% logic, 18.4% route)

=========================================================================

Cross Clock Domains Report:
--------------------------

=========================================================================


Total REAL time to Xst completion: 4.00 secs
Total CPU time to Xst completion: 3.08 secs
 
--> 


Total memory usage is 476568 kilobytes

Number of errors   :    0 (   0 filtered)
Number of warnings :   20 (   0 filtered)
Number of infos    :    1 (   0 filtered)

