--------------------------------------------------------------------------------
Release 14.7 Trace  (nt64)
Copyright (c) 1995-2013 Xilinx, Inc.  All rights reserved.

C:\Xilinx\14.7\ISE_DS\ISE\bin\nt64\unwrapped\trce.exe -intstyle ise -v 3 -s 3
-n 3 -fastpaths -xml control.twx control.ncd -o control.twr control.pcf

Design file:              control.ncd
Physical constraint file: control.pcf
Device,package,speed:     xc6slx16,csg324,C,-3 (PRODUCTION 1.23 2013-10-13)
Report level:             verbose report

Environment Variable      Effect 
--------------------      ------ 
NONE                      No environment variables were set
--------------------------------------------------------------------------------

INFO:Timing:2698 - No timing constraints found, doing default enumeration.
INFO:Timing:3412 - To improve timing, see the Timing Closure User Guide (UG612).
INFO:Timing:2752 - To get complete path coverage, use the unconstrained paths 
   option. All paths that are not constrained will be reported in the 
   unconstrained paths section(s) of the report.
INFO:Timing:3339 - The clock-to-out numbers in this timing report are based on 
   a 50 Ohm transmission line loading model.  For the details of this model, 
   and for more information on accounting for different loading conditions, 
   please see the device datasheet.



Data Sheet report:
-----------------
All values displayed in nanoseconds (ns)

Setup/Hold to clock clk
------------+------------+------------+------------+------------+------------------+--------+
            |Max Setup to|  Process   |Max Hold to |  Process   |                  | Clock  |
Source      | clk (edge) |   Corner   | clk (edge) |   Corner   |Internal Clock(s) | Phase  |
------------+------------+------------+------------+------------+------------------+--------+
clr         |    0.584(R)|      FAST  |    0.145(R)|      SLOW  |clk_BUFGP         |   0.000|
inicio      |    0.725(R)|      FAST  |   -0.065(R)|      SLOW  |clk_BUFGP         |   0.000|
------------+------------+------------+------------+------------+------------------+--------+

Clock clk to Pad
------------+-----------------+------------+-----------------+------------+------------------+--------+
            |Max (slowest) clk|  Process   |Min (fastest) clk|  Process   |                  | Clock  |
Destination |  (edge) to PAD  |   Corner   |  (edge) to PAD  |   Corner   |Internal Clock(s) | Phase  |
------------+-----------------+------------+-----------------+------------+------------------+--------+
s           |         7.293(R)|      SLOW  |         3.720(R)|      FAST  |clk_BUFGP         |   0.000|
sd<0>       |         7.672(R)|      SLOW  |         3.887(R)|      FAST  |clk_BUFGP         |   0.000|
sd<1>       |         7.533(R)|      SLOW  |         3.815(R)|      FAST  |clk_BUFGP         |   0.000|
se<0>       |         7.395(R)|      SLOW  |         3.808(R)|      FAST  |clk_BUFGP         |   0.000|
se<1>       |         7.310(R)|      SLOW  |         3.759(R)|      FAST  |clk_BUFGP         |   0.000|
sr<0>       |         7.804(R)|      SLOW  |         3.999(R)|      FAST  |clk_BUFGP         |   0.000|
sr<1>       |         7.643(R)|      SLOW  |         3.902(R)|      FAST  |clk_BUFGP         |   0.000|
------------+-----------------+------------+-----------------+------------+------------------+--------+

Clock to Setup on destination clock clk
---------------+---------+---------+---------+---------+
               | Src:Rise| Src:Fall| Src:Rise| Src:Fall|
Source Clock   |Dest:Rise|Dest:Rise|Dest:Fall|Dest:Fall|
---------------+---------+---------+---------+---------+
clk            |    1.242|         |         |         |
---------------+---------+---------+---------+---------+


Analysis completed Tue Oct 07 10:07:05 2025 
--------------------------------------------------------------------------------

Trace Settings:
-------------------------
Trace Settings 

Peak Memory Usage: 4575 MB



