--------------------------------------------------------------------------------
Release 14.7 Trace  (nt64)
Copyright (c) 1995-2013 Xilinx, Inc.  All rights reserved.

C:\Xilinx\14.7\ISE_DS\ISE\bin\nt64\unwrapped\trce.exe -intstyle ise -v 3 -s 3
-n 3 -fastpaths -xml instruccion.twx instruccion.ncd -o instruccion.twr
instruccion.pcf

Design file:              instruccion.ncd
Physical constraint file: instruccion.pcf
Device,package,speed:     xc7a100t,csg324,C,-3 (PRODUCTION 1.10 2013-10-13)
Report level:             verbose report

Environment Variable      Effect 
--------------------      ------ 
NONE                      No environment variables were set
--------------------------------------------------------------------------------

INFO:Timing:2698 - No timing constraints found, doing default enumeration.
INFO:Timing:3412 - To improve timing, see the Timing Closure User Guide (UG612).
INFO:Timing:2752 - To get complete path coverage, use the unconstrained paths 
   option. All paths that are not constrained will be reported in the 
   unconstrained paths section(s) of the report.
INFO:Timing:3339 - The clock-to-out numbers in this timing report are based on 
   a 50 Ohm transmission line loading model.  For the details of this model, 
   and for more information on accounting for different loading conditions, 
   please see the device datasheet.



Data Sheet report:
-----------------
All values displayed in nanoseconds (ns)

Setup/Hold to clock clk
------------+------------+------------+------------+------------+------------------+--------+
            |Max Setup to|  Process   |Max Hold to |  Process   |                  | Clock  |
Source      | clk (edge) |   Corner   | clk (edge) |   Corner   |Internal Clock(s) | Phase  |
------------+------------+------------+------------+------------+------------------+--------+
D<0>        |    1.578(R)|      SLOW  |    2.381(R)|      SLOW  |clk_BUFGP         |   0.000|
D<1>        |    1.379(R)|      SLOW  |    2.340(R)|      SLOW  |clk_BUFGP         |   0.000|
D<2>        |    1.670(R)|      SLOW  |    2.396(R)|      SLOW  |clk_BUFGP         |   0.000|
D<3>        |    1.327(R)|      SLOW  |    2.076(R)|      SLOW  |clk_BUFGP         |   0.000|
D<4>        |    0.981(R)|      FAST  |    2.294(R)|      SLOW  |clk_BUFGP         |   0.000|
D<5>        |    1.294(R)|      SLOW  |    1.914(R)|      SLOW  |clk_BUFGP         |   0.000|
D<6>        |    0.810(R)|      FAST  |    2.264(R)|      SLOW  |clk_BUFGP         |   0.000|
D<7>        |    0.704(R)|      FAST  |    2.143(R)|      SLOW  |clk_BUFGP         |   0.000|
R<0>        |    1.648(R)|      SLOW  |    1.234(R)|      SLOW  |clk_BUFGP         |   0.000|
R<1>        |    1.417(R)|      SLOW  |    1.365(R)|      SLOW  |clk_BUFGP         |   0.000|
R<2>        |    1.430(R)|      SLOW  |    1.207(R)|      SLOW  |clk_BUFGP         |   0.000|
R<3>        |    1.432(R)|      SLOW  |    1.051(R)|      SLOW  |clk_BUFGP         |   0.000|
R<4>        |    0.998(R)|      FAST  |    1.223(R)|      SLOW  |clk_BUFGP         |   0.000|
R<5>        |    0.856(R)|      FAST  |    1.385(R)|      SLOW  |clk_BUFGP         |   0.000|
R<6>        |    1.024(R)|      SLOW  |    1.367(R)|      SLOW  |clk_BUFGP         |   0.000|
R<7>        |    0.964(R)|      SLOW  |    1.403(R)|      SLOW  |clk_BUFGP         |   0.000|
clr         |   -0.046(R)|      FAST  |    1.843(R)|      SLOW  |clk_BUFGP         |   0.000|
inicio      |   -0.246(R)|      FAST  |    2.042(R)|      SLOW  |clk_BUFGP         |   0.000|
sel<0>      |    2.113(R)|      SLOW  |    1.535(R)|      SLOW  |clk_BUFGP         |   0.000|
sel<1>      |    0.952(R)|      FAST  |    1.854(R)|      SLOW  |clk_BUFGP         |   0.000|
sel<2>      |    0.787(R)|      FAST  |    2.107(R)|      SLOW  |clk_BUFGP         |   0.000|
------------+------------+------------+------------+------------+------------------+--------+

Clock clk to Pad
------------+-----------------+------------+-----------------+------------+------------------+--------+
            |Max (slowest) clk|  Process   |Min (fastest) clk|  Process   |                  | Clock  |
Destination |  (edge) to PAD  |   Corner   |  (edge) to PAD  |   Corner   |Internal Clock(s) | Phase  |
------------+-----------------+------------+-----------------+------------+------------------+--------+
C           |         7.444(R)|      SLOW  |         3.067(R)|      FAST  |clk_BUFGP         |   0.000|
F<0>        |         7.836(R)|      SLOW  |         3.261(R)|      FAST  |clk_BUFGP         |   0.000|
F<1>        |         7.842(R)|      SLOW  |         3.276(R)|      FAST  |clk_BUFGP         |   0.000|
F<2>        |         7.718(R)|      SLOW  |         3.205(R)|      FAST  |clk_BUFGP         |   0.000|
F<3>        |         7.779(R)|      SLOW  |         3.244(R)|      FAST  |clk_BUFGP         |   0.000|
F<4>        |         7.728(R)|      SLOW  |         3.208(R)|      FAST  |clk_BUFGP         |   0.000|
F<5>        |         7.693(R)|      SLOW  |         3.183(R)|      FAST  |clk_BUFGP         |   0.000|
F<6>        |         7.731(R)|      SLOW  |         3.211(R)|      FAST  |clk_BUFGP         |   0.000|
F<7>        |         7.808(R)|      SLOW  |         3.251(R)|      FAST  |clk_BUFGP         |   0.000|
N           |         7.565(R)|      SLOW  |         3.126(R)|      FAST  |clk_BUFGP         |   0.000|
Z           |         7.566(R)|      SLOW  |         3.111(R)|      FAST  |clk_BUFGP         |   0.000|
------------+-----------------+------------+-----------------+------------+------------------+--------+

Clock to Setup on destination clock clk
---------------+---------+---------+---------+---------+
               | Src:Rise| Src:Fall| Src:Rise| Src:Fall|
Source Clock   |Dest:Rise|Dest:Rise|Dest:Fall|Dest:Fall|
---------------+---------+---------+---------+---------+
clk            |    1.239|         |         |         |
---------------+---------+---------+---------+---------+


Analysis completed Tue Oct 07 10:16:01 2025 
--------------------------------------------------------------------------------

Trace Settings:
-------------------------
Trace Settings 

Peak Memory Usage: 5002 MB



