Release 14.7 - xst P.20131013 (nt64)
Copyright (c) 1995-2013 Xilinx, Inc.  All rights reserved.
--> Parameter TMPDIR set to xst/projnav.tmp


Total REAL time to Xst completion: 0.00 secs
Total CPU time to Xst completion: 0.11 secs
 
--> Parameter xsthdpdir set to xst


Total REAL time to Xst completion: 0.00 secs
Total CPU time to Xst completion: 0.11 secs
 
--> Reading design: ruta.prj

TABLE OF CONTENTS
  1) Synthesis Options Summary
  2) HDL Parsing
  3) HDL Elaboration
  4) HDL Synthesis
       4.1) HDL Synthesis Report
  5) Advanced HDL Synthesis
       5.1) Advanced HDL Synthesis Report
  6) Low Level Synthesis
  7) Partition Report
  8) Design Summary
       8.1) Primitive and Black Box Usage
       8.2) Device utilization summary
       8.3) Partition Resource Summary
       8.4) Timing Report
            8.4.1) Clock Information
            8.4.2) Asynchronous Control Signals Information
            8.4.3) Timing Summary
            8.4.4) Timing Details
            8.4.5) Cross Clock Domains Report


=========================================================================
*                      Synthesis Options Summary                        *
=========================================================================
---- Source Parameters
Input File Name                    : "ruta.prj"
Ignore Synthesis Constraint File   : NO

---- Target Parameters
Output File Name                   : "ruta"
Output Format                      : NGC
Target Device                      : xc7a100t-3-csg324

---- Source Options
Top Module Name                    : ruta
Automatic FSM Extraction           : YES
FSM Encoding Algorithm             : Auto
Safe Implementation                : No
FSM Style                          : LUT
RAM Extraction                     : Yes
RAM Style                          : Auto
ROM Extraction                     : Yes
Shift Register Extraction          : YES
ROM Style                          : Auto
Resource Sharing                   : YES
Asynchronous To Synchronous        : NO
Shift Register Minimum Size        : 2
Use DSP Block                      : Auto
Automatic Register Balancing       : No

---- Target Options
LUT Combining                      : Auto
Reduce Control Sets                : Auto
Add IO Buffers                     : YES
Global Maximum Fanout              : 100000
Add Generic Clock Buffer(BUFG)     : 32
Register Duplication               : YES
Optimize Instantiated Primitives   : NO
Use Clock Enable                   : Auto
Use Synchronous Set                : Auto
Use Synchronous Reset              : Auto
Pack IO Registers into IOBs        : Auto
Equivalent register Removal        : YES

---- General Options
Optimization Goal                  : Speed
Optimization Effort                : 1
Power Reduction                    : NO
Keep Hierarchy                     : No
Netlist Hierarchy                  : As_Optimized
RTL Output                         : Yes
Global Optimization                : AllClockNets
Read Cores                         : YES
Write Timing Constraints           : NO
Cross Clock Analysis               : NO
Hierarchy Separator                : /
Bus Delimiter                      : <>
Case Specifier                     : Maintain
Slice Utilization Ratio            : 100
BRAM Utilization Ratio             : 100
DSP48 Utilization Ratio            : 100
Auto BRAM Packing                  : NO
Slice Utilization Ratio Delta      : 5

=========================================================================


=========================================================================
*                          HDL Parsing                                  *
=========================================================================
Parsing VHDL file "F:\ADC\Nueva carpeta\Registro\Registro.vhd" into library work
Parsing entity <Registro>.
Parsing architecture <Behavioral> of entity <registro>.
Parsing VHDL file "F:\ADC\Nueva carpeta\Ruta\Ruta.vhd" into library work
Parsing entity <ruta>.
Parsing architecture <Behavioral> of entity <ruta>.

=========================================================================
*                            HDL Elaboration                            *
=========================================================================

Elaborating entity <ruta> (architecture <Behavioral>) from library <work>.

Elaborating entity <Registro> (architecture <Behavioral>) from library <work>.

=========================================================================
*                           HDL Synthesis                               *
=========================================================================

Synthesizing Unit <ruta>.
    Related source file is "F:\ADC\Nueva carpeta\Ruta\Ruta.vhd".
    Found 4-bit register for signal <debug_r_aux_antes_suma>.
    Found 4-bit register for signal <debug_d_aux_antes_suma>.
    Found 5-bit adder for signal <debug_suma_calculada> created at line 82.
    Summary:
	inferred   1 Adder/Subtractor(s).
	inferred   8 D-type flip-flop(s).
	inferred   2 Multiplexer(s).
Unit <ruta> synthesized.

Synthesizing Unit <Registro>.
    Related source file is "F:\ADC\Nueva carpeta\Registro\Registro.vhd".
    Found 4-bit register for signal <q_aux>.
    Summary:
	inferred   4 D-type flip-flop(s).
	inferred   2 Multiplexer(s).
Unit <Registro> synthesized.

=========================================================================
HDL Synthesis Report

Macro Statistics
# Adders/Subtractors                                   : 1
 5-bit adder                                           : 1
# Registers                                            : 5
 4-bit register                                        : 5
# Multiplexers                                         : 8
 4-bit 2-to-1 multiplexer                              : 8

=========================================================================

=========================================================================
*                       Advanced HDL Synthesis                          *
=========================================================================


=========================================================================
Advanced HDL Synthesis Report

Macro Statistics
# Adders/Subtractors                                   : 1
 5-bit adder                                           : 1
# Registers                                            : 20
 Flip-Flops                                            : 20
# Multiplexers                                         : 26
 1-bit 2-to-1 multiplexer                              : 24
 4-bit 2-to-1 multiplexer                              : 2

=========================================================================

=========================================================================
*                         Low Level Synthesis                           *
=========================================================================

Optimizing unit <ruta> ...

Optimizing unit <Registro> ...

Mapping all equations...
Building and optimizing final netlist ...
Found area constraint ratio of 100 (+ 5) on block ruta, actual ratio is 0.

Final Macro Processing ...

=========================================================================
Final Register Report

Macro Statistics
# Registers                                            : 20
 Flip-Flops                                            : 20

=========================================================================

=========================================================================
*                           Partition Report                            *
=========================================================================

Partition Implementation Status
-------------------------------

  No Partitions were found in this design.

-------------------------------

=========================================================================
*                            Design Summary                             *
=========================================================================

Top Level Output File Name         : ruta.ngc

Primitive and Black Box Usage:
------------------------------
# BELS                             : 33
#      LUT2                        : 7
#      LUT3                        : 4
#      LUT4                        : 6
#      LUT5                        : 3
#      LUT6                        : 11
#      MUXF7                       : 2
# FlipFlops/Latches                : 20
#      FDCE                        : 12
#      FDE                         : 8
# Clock Buffers                    : 1
#      BUFGP                       : 1
# IO Buffers                       : 36
#      IBUF                        : 16
#      OBUF                        : 20

Device utilization summary:
---------------------------

Selected Device : 7a100tcsg324-3 


Slice Logic Utilization: 
 Number of Slice Registers:              20  out of  126800     0%  
 Number of Slice LUTs:                   31  out of  63400     0%  
    Number used as Logic:                31  out of  63400     0%  

Slice Logic Distribution: 
 Number of LUT Flip Flop pairs used:     38
   Number with an unused Flip Flop:      18  out of     38    47%  
   Number with an unused LUT:             7  out of     38    18%  
   Number of fully used LUT-FF pairs:    13  out of     38    34%  
   Number of unique control sets:         4

IO Utilization: 
 Number of IOs:                          37
 Number of bonded IOBs:                  37  out of    210    17%  

Specific Feature Utilization:
 Number of BUFG/BUFGCTRLs:                1  out of     32     3%  

---------------------------
Partition Resource Summary:
---------------------------

  No Partitions were found in this design.

---------------------------


=========================================================================
Timing Report

NOTE: THESE TIMING NUMBERS ARE ONLY A SYNTHESIS ESTIMATE.
      FOR ACCURATE TIMING INFORMATION PLEASE REFER TO THE TRACE REPORT
      GENERATED AFTER PLACE-and-ROUTE.

Clock Information:
------------------
-----------------------------------+------------------------+-------+
Clock Signal                       | Clock buffer(FF name)  | Load  |
-----------------------------------+------------------------+-------+
clk                                | BUFGP                  | 20    |
-----------------------------------+------------------------+-------+

Asynchronous Control Signals Information:
----------------------------------------
No asynchronous control signals found in this design

Timing Summary:
---------------
Speed Grade: -3

   Minimum period: 2.073ns (Maximum Frequency: 482.346MHz)
   Minimum input arrival time before clock: 1.481ns
   Maximum output required time after clock: 1.868ns
   Maximum combinational path delay: No path found

Timing Details:
---------------
All values displayed in nanoseconds (ns)

=========================================================================
Timing constraint: Default period analysis for Clock 'clk'
  Clock period: 2.073ns (frequency: 482.346MHz)
  Total number of paths / destination ports: 91 / 20
-------------------------------------------------------------------------
Delay:               2.073ns (Levels of Logic = 3)
  Source:            destino/q_aux_1 (FF)
  Destination:       destino/q_aux_3 (FF)
  Source Clock:      clk rising
  Destination Clock: clk rising

  Data Path: destino/q_aux_1 to destino/q_aux_3
                                Gate     Net
    Cell:in->out      fanout   Delay   Delay  Logical Name (Net Name)
    ----------------------------------------  ------------
     FDCE:C->Q             8   0.361   0.715  destino/q_aux_1 (destino/q_aux_1)
     LUT6:I1->O            6   0.097   0.402  Madd_debug_suma_calculada_cy<2>11 (Madd_debug_suma_calculada_cy<2>)
     LUT6:I4->O            1   0.097   0.295  destino/mux711_F (N27)
     LUT3:I2->O            1   0.097   0.000  destino/mux7111 (destino/s1s0[1]_q_aux[3]_wide_mux_0_OUT<3>)
     FDCE:D                    0.008          destino/q_aux_3
    ----------------------------------------
    Total                      2.073ns (0.660ns logic, 1.413ns route)
                                       (31.8% logic, 68.2% route)

=========================================================================
Timing constraint: Default OFFSET IN BEFORE for Clock 'clk'
  Total number of paths / destination ports: 95 / 44
-------------------------------------------------------------------------
Offset:              1.481ns (Levels of Logic = 3)
  Source:            se<0> (PAD)
  Destination:       estado/q_aux_2 (FF)
  Destination Clock: clk rising

  Data Path: se<0> to estado/q_aux_2
                                Gate     Net
    Cell:in->out      fanout   Delay   Delay  Logical Name (Net Name)
    ----------------------------------------  ------------
     IBUF:I->O             7   0.001   0.584  se_0_IBUF (se_0_IBUF)
     LUT4:I0->O            1   0.097   0.693  estado/mux61_SW2 (N6)
     LUT6:I0->O            1   0.097   0.000  estado/mux61 (estado/s1s0[1]_q_aux[3]_wide_mux_0_OUT<2>)
     FDCE:D                    0.008          estado/q_aux_2
    ----------------------------------------
    Total                      1.481ns (0.203ns logic, 1.278ns route)
                                       (13.7% logic, 86.3% route)

=========================================================================
Timing constraint: Default OFFSET OUT AFTER for Clock 'clk'
  Total number of paths / destination ports: 43 / 20
-------------------------------------------------------------------------
Offset:              1.868ns (Levels of Logic = 3)
  Source:            destino/q_aux_1 (FF)
  Destination:       debug_suma_calculada<4> (PAD)
  Source Clock:      clk rising

  Data Path: destino/q_aux_1 to debug_suma_calculada<4>
                                Gate     Net
    Cell:in->out      fanout   Delay   Delay  Logical Name (Net Name)
    ----------------------------------------  ------------
     FDCE:C->Q             8   0.361   0.715  destino/q_aux_1 (destino/q_aux_1)
     LUT6:I1->O            6   0.097   0.318  Madd_debug_suma_calculada_cy<2>11 (Madd_debug_suma_calculada_cy<2>)
     LUT3:I2->O            1   0.097   0.279  Madd_debug_suma_calculada_cy<3>11 (Madd_debug_suma_calculada_cy<3>)
     OBUF:I->O                 0.000          debug_suma_calculada_4_OBUF (debug_suma_calculada<4>)
    ----------------------------------------
    Total                      1.868ns (0.555ns logic, 1.313ns route)
                                       (29.7% logic, 70.3% route)

=========================================================================

Cross Clock Domains Report:
--------------------------

Clock to Setup on destination clock clk
---------------+---------+---------+---------+---------+
               | Src:Rise| Src:Fall| Src:Rise| Src:Fall|
Source Clock   |Dest:Rise|Dest:Rise|Dest:Fall|Dest:Fall|
---------------+---------+---------+---------+---------+
clk            |    2.073|         |         |         |
---------------+---------+---------+---------+---------+

=========================================================================


Total REAL time to Xst completion: 8.00 secs
Total CPU time to Xst completion: 8.17 secs
 
--> 

Total memory usage is 4616912 kilobytes

Number of errors   :    0 (   0 filtered)
Number of warnings :    0 (   0 filtered)
Number of infos    :    0 (   0 filtered)

