--------------------------------------------------------------------------------
Release 14.7 Trace  (nt64)
Copyright (c) 1995-2013 Xilinx, Inc.  All rights reserved.

C:\Xilinx\14.7\ISE_DS\ISE\bin\nt64\unwrapped\trce.exe -intstyle ise -v 3 -s 3
-n 3 -fastpaths -xml registro_32.twx registro_32.ncd -o registro_32.twr
registro_32.pcf

Design file:              registro_32.ncd
Physical constraint file: registro_32.pcf
Device,package,speed:     xc7a100t,csg324,C,-3 (PRODUCTION 1.10 2013-10-13)
Report level:             verbose report

Environment Variable      Effect 
--------------------      ------ 
NONE                      No environment variables were set
--------------------------------------------------------------------------------

INFO:Timing:2698 - No timing constraints found, doing default enumeration.
INFO:Timing:3412 - To improve timing, see the Timing Closure User Guide (UG612).
INFO:Timing:2752 - To get complete path coverage, use the unconstrained paths 
   option. All paths that are not constrained will be reported in the 
   unconstrained paths section(s) of the report.
INFO:Timing:3339 - The clock-to-out numbers in this timing report are based on 
   a 50 Ohm transmission line loading model.  For the details of this model, 
   and for more information on accounting for different loading conditions, 
   please see the device datasheet.



Data Sheet report:
-----------------
All values displayed in nanoseconds (ns)

Setup/Hold to clock clk
------------+------------+------------+------------+------------+------------------+--------+
            |Max Setup to|  Process   |Max Hold to |  Process   |                  | Clock  |
Source      | clk (edge) |   Corner   | clk (edge) |   Corner   |Internal Clock(s) | Phase  |
------------+------------+------------+------------+------------+------------------+--------+
I<0>        |   -0.353(R)|      FAST  |    2.478(R)|      SLOW  |clk_BUFGP         |   0.000|
I<1>        |   -0.367(R)|      FAST  |    2.490(R)|      SLOW  |clk_BUFGP         |   0.000|
I<2>        |   -0.341(R)|      FAST  |    2.466(R)|      SLOW  |clk_BUFGP         |   0.000|
I<3>        |   -0.336(R)|      FAST  |    2.458(R)|      SLOW  |clk_BUFGP         |   0.000|
I<4>        |   -0.335(R)|      FAST  |    2.460(R)|      SLOW  |clk_BUFGP         |   0.000|
I<5>        |   -0.330(R)|      FAST  |    2.451(R)|      SLOW  |clk_BUFGP         |   0.000|
I<6>        |   -0.357(R)|      FAST  |    2.472(R)|      SLOW  |clk_BUFGP         |   0.000|
I<7>        |   -0.333(R)|      FAST  |    2.453(R)|      SLOW  |clk_BUFGP         |   0.000|
clr         |   -0.030(R)|      FAST  |    2.542(R)|      SLOW  |clk_BUFGP         |   0.000|
en          |   -0.273(R)|      FAST  |    3.207(R)|      SLOW  |clk_BUFGP         |   0.000|
------------+------------+------------+------------+------------+------------------+--------+

Clock clk to Pad
------------+-----------------+------------+-----------------+------------+------------------+--------+
            |Max (slowest) clk|  Process   |Min (fastest) clk|  Process   |                  | Clock  |
Destination |  (edge) to PAD  |   Corner   |  (edge) to PAD  |   Corner   |Internal Clock(s) | Phase  |
------------+-----------------+------------+-----------------+------------+------------------+--------+
Q<0>        |         6.380(R)|      SLOW  |         2.793(R)|      FAST  |clk_BUFGP         |   0.000|
Q<1>        |         6.363(R)|      SLOW  |         2.777(R)|      FAST  |clk_BUFGP         |   0.000|
Q<2>        |         6.386(R)|      SLOW  |         2.799(R)|      FAST  |clk_BUFGP         |   0.000|
Q<3>        |         6.379(R)|      SLOW  |         2.795(R)|      FAST  |clk_BUFGP         |   0.000|
Q<4>        |         6.391(R)|      SLOW  |         2.804(R)|      FAST  |clk_BUFGP         |   0.000|
Q<5>        |         6.385(R)|      SLOW  |         2.802(R)|      FAST  |clk_BUFGP         |   0.000|
Q<6>        |         6.362(R)|      SLOW  |         2.776(R)|      FAST  |clk_BUFGP         |   0.000|
Q<7>        |         6.380(R)|      SLOW  |         2.799(R)|      FAST  |clk_BUFGP         |   0.000|
------------+-----------------+------------+-----------------+------------+------------------+--------+


Analysis completed Tue Oct 21 09:05:59 2025 
--------------------------------------------------------------------------------

Trace Settings:
-------------------------
Trace Settings 

Peak Memory Usage: 5003 MB



