Release 14.7 - xst P.20131013 (nt64)
Copyright (c) 1995-2013 Xilinx, Inc.  All rights reserved.
--> Parameter TMPDIR set to xst/projnav.tmp


Total REAL time to Xst completion: 0.00 secs
Total CPU time to Xst completion: 0.13 secs
 
--> Parameter xsthdpdir set to xst


Total REAL time to Xst completion: 0.00 secs
Total CPU time to Xst completion: 0.13 secs
 
--> Reading design: ALU.prj

TABLE OF CONTENTS
  1) Synthesis Options Summary
  2) HDL Parsing
  3) HDL Elaboration
  4) HDL Synthesis
       4.1) HDL Synthesis Report
  5) Advanced HDL Synthesis
       5.1) Advanced HDL Synthesis Report
  6) Low Level Synthesis
  7) Partition Report
  8) Design Summary
       8.1) Primitive and Black Box Usage
       8.2) Device utilization summary
       8.3) Partition Resource Summary
       8.4) Timing Report
            8.4.1) Clock Information
            8.4.2) Asynchronous Control Signals Information
            8.4.3) Timing Summary
            8.4.4) Timing Details
            8.4.5) Cross Clock Domains Report


=========================================================================
*                      Synthesis Options Summary                        *
=========================================================================
---- Source Parameters
Input File Name                    : "ALU.prj"
Ignore Synthesis Constraint File   : NO

---- Target Parameters
Output File Name                   : "ALU"
Output Format                      : NGC
Target Device                      : xc6slx16-3-csg324

---- Source Options
Top Module Name                    : ALU
Automatic FSM Extraction           : YES
FSM Encoding Algorithm             : Auto
Safe Implementation                : No
FSM Style                          : LUT
RAM Extraction                     : Yes
RAM Style                          : Auto
ROM Extraction                     : Yes
Shift Register Extraction          : YES
ROM Style                          : Auto
Resource Sharing                   : YES
Asynchronous To Synchronous        : NO
Shift Register Minimum Size        : 2
Use DSP Block                      : Auto
Automatic Register Balancing       : No

---- Target Options
LUT Combining                      : Auto
Reduce Control Sets                : Auto
Add IO Buffers                     : YES
Global Maximum Fanout              : 100000
Add Generic Clock Buffer(BUFG)     : 16
Register Duplication               : YES
Optimize Instantiated Primitives   : NO
Use Clock Enable                   : Auto
Use Synchronous Set                : Auto
Use Synchronous Reset              : Auto
Pack IO Registers into IOBs        : Auto
Equivalent register Removal        : YES

---- General Options
Optimization Goal                  : Speed
Optimization Effort                : 1
Power Reduction                    : NO
Keep Hierarchy                     : No
Netlist Hierarchy                  : As_Optimized
RTL Output                         : Yes
Global Optimization                : AllClockNets
Read Cores                         : YES
Write Timing Constraints           : NO
Cross Clock Analysis               : NO
Hierarchy Separator                : /
Bus Delimiter                      : <>
Case Specifier                     : Maintain
Slice Utilization Ratio            : 100
BRAM Utilization Ratio             : 100
DSP48 Utilization Ratio            : 100
Auto BRAM Packing                  : NO
Slice Utilization Ratio Delta      : 5

=========================================================================


=========================================================================
*                          HDL Parsing                                  *
=========================================================================
Parsing VHDL file "F:\ADC\Prac2LAB\RegistroALU\RegistroALU.vhd" into library work
Parsing entity <Registro_ALU>.
Parsing architecture <Behavioral> of entity <registro_alu>.
Parsing VHDL file "F:\ADC\Prac2LAB\ALU\ALU.vhd" into library work
Parsing entity <ALU>.
Parsing architecture <Behavioral> of entity <alu>.

=========================================================================
*                            HDL Elaboration                            *
=========================================================================

Elaborating entity <ALU> (architecture <Behavioral>) from library <work>.

Elaborating entity <Registro_ALU> (architecture <Behavioral>) from library <work>.
WARNING:Xst:2972 - "F:\ADC\Prac2LAB\ALU\ALU.vhd" line 86. All outputs of instance <fuente> of block <Registro_ALU> are unconnected in block <ALU>. Underlying logic will be removed.

=========================================================================
*                           HDL Synthesis                               *
=========================================================================

Synthesizing Unit <ALU>.
    Related source file is "F:\ADC\Prac2LAB\ALU\ALU.vhd".
INFO:Xst:3210 - "F:\ADC\Prac2LAB\ALU\ALU.vhd" line 86: Output port <Q> of the instance <fuente> is unconnected or connected to loadless signal.
    Found 9-bit adder for signal <GND_5_o_GND_5_o_add_1_OUT> created at line 68.
    Found 9-bit subtractor for signal <GND_5_o_GND_5_o_sub_3_OUT<8:0>> created at line 69.
    Found 9-bit 8-to-1 multiplexer for signal <F_aux> created at line 67.
    Summary:
	inferred   1 Adder/Subtractor(s).
	inferred   8 Multiplexer(s).
Unit <ALU> synthesized.

Synthesizing Unit <Registro_ALU>.
    Related source file is "F:\ADC\Prac2LAB\RegistroALU\RegistroALU.vhd".
    Found 8-bit register for signal <q_aux>.
    Summary:
	inferred   8 D-type flip-flop(s).
	inferred   2 Multiplexer(s).
Unit <Registro_ALU> synthesized.

=========================================================================
HDL Synthesis Report

Macro Statistics
# Adders/Subtractors                                   : 1
 9-bit addsub                                          : 1
# Registers                                            : 2
 8-bit register                                        : 2
# Multiplexers                                         : 12
 8-bit 2-to-1 multiplexer                              : 6
 9-bit 2-to-1 multiplexer                              : 6
# Xors                                                 : 1
 9-bit xor2                                            : 1

=========================================================================
INFO:Xst:1767 - HDL ADVISOR - Resource sharing has identified that some arithmetic operations in this design can share the same physical resources for reduced device utilization. For improved clock frequency you may try to disable resource sharing.

=========================================================================
*                       Advanced HDL Synthesis                          *
=========================================================================


=========================================================================
Advanced HDL Synthesis Report

Macro Statistics
# Adders/Subtractors                                   : 1
 9-bit addsub                                          : 1
# Registers                                            : 16
 Flip-Flops                                            : 16
# Multiplexers                                         : 40
 1-bit 2-to-1 multiplexer                              : 32
 8-bit 2-to-1 multiplexer                              : 2
 9-bit 2-to-1 multiplexer                              : 6
# Xors                                                 : 1
 9-bit xor2                                            : 1

=========================================================================

=========================================================================
*                         Low Level Synthesis                           *
=========================================================================

Optimizing unit <ALU> ...

Optimizing unit <Registro_ALU> ...

Mapping all equations...
Building and optimizing final netlist ...
Found area constraint ratio of 100 (+ 5) on block ALU, actual ratio is 0.

Final Macro Processing ...

=========================================================================
Final Register Report

Macro Statistics
# Registers                                            : 16
 Flip-Flops                                            : 16

=========================================================================

=========================================================================
*                           Partition Report                            *
=========================================================================

Partition Implementation Status
-------------------------------

  No Partitions were found in this design.

-------------------------------

=========================================================================
*                            Design Summary                             *
=========================================================================

Top Level Output File Name         : ALU.ngc

Primitive and Black Box Usage:
------------------------------
# BELS                             : 78
#      LUT1                        : 1
#      LUT2                        : 4
#      LUT3                        : 20
#      LUT4                        : 4
#      LUT5                        : 17
#      LUT6                        : 12
#      MUXCY                       : 8
#      MUXF7                       : 3
#      XORCY                       : 9
# FlipFlops/Latches                : 16
#      FDCE                        : 16
# Clock Buffers                    : 1
#      BUFGP                       : 1
# IO Buffers                       : 36
#      IBUF                        : 25
#      OBUF                        : 11

Device utilization summary:
---------------------------

Selected Device : 6slx16csg324-3 


Slice Logic Utilization: 
 Number of Slice Registers:              16  out of  18224     0%  
 Number of Slice LUTs:                   58  out of   9112     0%  
    Number used as Logic:                58  out of   9112     0%  

Slice Logic Distribution: 
 Number of LUT Flip Flop pairs used:     58
   Number with an unused Flip Flop:      42  out of     58    72%  
   Number with an unused LUT:             0  out of     58     0%  
   Number of fully used LUT-FF pairs:    16  out of     58    27%  
   Number of unique control sets:         2

IO Utilization: 
 Number of IOs:                          39
 Number of bonded IOBs:                  37  out of    232    15%  

Specific Feature Utilization:
 Number of BUFG/BUFGCTRLs:                1  out of     16     6%  

---------------------------
Partition Resource Summary:
---------------------------

  No Partitions were found in this design.

---------------------------


=========================================================================
Timing Report

NOTE: THESE TIMING NUMBERS ARE ONLY A SYNTHESIS ESTIMATE.
      FOR ACCURATE TIMING INFORMATION PLEASE REFER TO THE TRACE REPORT
      GENERATED AFTER PLACE-and-ROUTE.

Clock Information:
------------------
-----------------------------------+------------------------+-------+
Clock Signal                       | Clock buffer(FF name)  | Load  |
-----------------------------------+------------------------+-------+
clk                                | BUFGP                  | 16    |
-----------------------------------+------------------------+-------+

Asynchronous Control Signals Information:
----------------------------------------
No asynchronous control signals found in this design

Timing Summary:
---------------
Speed Grade: -3

   Minimum period: 1.507ns (Maximum Frequency: 663.460MHz)
   Minimum input arrival time before clock: 7.119ns
   Maximum output required time after clock: 3.668ns
   Maximum combinational path delay: No path found

Timing Details:
---------------
All values displayed in nanoseconds (ns)

=========================================================================
Timing constraint: Default period analysis for Clock 'clk'
  Clock period: 1.507ns (frequency: 663.460MHz)
  Total number of paths / destination ports: 28 / 16
-------------------------------------------------------------------------
Delay:               1.507ns (Levels of Logic = 1)
  Source:            destino/q_aux_4 (FF)
  Destination:       destino/q_aux_5 (FF)
  Source Clock:      clk rising
  Destination Clock: clk rising

  Data Path: destino/q_aux_4 to destino/q_aux_5
                                Gate     Net
    Cell:in->out      fanout   Delay   Delay  Logical Name (Net Name)
    ----------------------------------------  ------------
     FDCE:C->Q             3   0.447   0.755  destino/q_aux_4 (destino/q_aux_4)
     LUT5:I3->O            1   0.203   0.000  destino/mux131 (destino/s1s0[1]_q_aux[7]_wide_mux_0_OUT<5>)
     FDCE:D                    0.102          destino/q_aux_5
    ----------------------------------------
    Total                      1.507ns (0.752ns logic, 0.755ns route)
                                       (49.9% logic, 50.1% route)

=========================================================================
Timing constraint: Default OFFSET IN BEFORE for Clock 'clk'
  Total number of paths / destination ports: 640 / 48
-------------------------------------------------------------------------
Offset:              7.119ns (Levels of Logic = 9)
  Source:            sel<0> (PAD)
  Destination:       estado/q_aux_2 (FF)
  Destination Clock: clk rising

  Data Path: sel<0> to estado/q_aux_2
                                Gate     Net
    Cell:in->out      fanout   Delay   Delay  Logical Name (Net Name)
    ----------------------------------------  ------------
     IBUF:I->O            27   1.222   1.221  sel_0_IBUF (sel_0_IBUF)
     LUT3:I2->O            1   0.205   0.000  Mmux_F_aux1_rs_lut<0> (Mmux_F_aux1_rs_lut<0>)
     MUXCY:S->O            1   0.172   0.000  Mmux_F_aux1_rs_cy<0> (Mmux_F_aux1_rs_cy<0>)
     XORCY:CI->O           1   0.180   0.580  Mmux_F_aux1_rs_xor<1> (Mmux_F_aux1_split<1>)
     LUT5:I4->O            1   0.205   0.000  Mmux_F_aux723_F (N29)
     MUXF7:I0->O           2   0.131   0.864  Mmux_F_aux723 (Mmux_F_aux7_split<1>)
     LUT6:I2->O            1   0.203   0.684  estado/mux1012 (estado/mux1011)
     LUT2:I0->O            1   0.203   0.944  estado/mux1011_SW0 (N23)
     LUT6:I0->O            1   0.203   0.000  estado/mux1014 (estado/s1s0[1]_q_aux[7]_wide_mux_0_OUT<2>)
     FDCE:D                    0.102          estado/q_aux_2
    ----------------------------------------
    Total                      7.119ns (2.826ns logic, 4.293ns route)
                                       (39.7% logic, 60.3% route)

=========================================================================
Timing constraint: Default OFFSET OUT AFTER for Clock 'clk'
  Total number of paths / destination ports: 11 / 11
-------------------------------------------------------------------------
Offset:              3.668ns (Levels of Logic = 1)
  Source:            destino/q_aux_6 (FF)
  Destination:       F<6> (PAD)
  Source Clock:      clk rising

  Data Path: destino/q_aux_6 to F<6>
                                Gate     Net
    Cell:in->out      fanout   Delay   Delay  Logical Name (Net Name)
    ----------------------------------------  ------------
     FDCE:C->Q             3   0.447   0.650  destino/q_aux_6 (destino/q_aux_6)
     OBUF:I->O                 2.571          F_6_OBUF (F<6>)
    ----------------------------------------
    Total                      3.668ns (3.018ns logic, 0.650ns route)
                                       (82.3% logic, 17.7% route)

=========================================================================

Cross Clock Domains Report:
--------------------------

Clock to Setup on destination clock clk
---------------+---------+---------+---------+---------+
               | Src:Rise| Src:Fall| Src:Rise| Src:Fall|
Source Clock   |Dest:Rise|Dest:Rise|Dest:Fall|Dest:Fall|
---------------+---------+---------+---------+---------+
clk            |    1.507|         |         |         |
---------------+---------+---------+---------+---------+

=========================================================================


Total REAL time to Xst completion: 5.00 secs
Total CPU time to Xst completion: 4.98 secs
 
--> 

Total memory usage is 4486240 kilobytes

Number of errors   :    0 (   0 filtered)
Number of warnings :    1 (   0 filtered)
Number of infos    :    2 (   0 filtered)

